[2025-08-12T22:33:21.563775] Erro no RPA Playwright: BrowserType.launch: Executable doesn't exist at C:\Users\User\AppData\Local\ms-playwright\chromium-1181\chrome-win\chrome.exe
╔════════════════════════════════════════════════════════════╗
║ Looks like Playwright was just installed or updated.       ║
║ Please run the following command to download new browsers: ║
║                                                            ║
║     playwright install                                     ║
║                                                            ║
║ <3 Playwright Team                                         ║
╚════════════════════════════════════════════════════════════╝
[2025-08-12T22:36:05.110971] Erro no RPA Playwright: BrowserType.launch: Executable doesn't exist at C:\Users\User\AppData\Local\ms-playwright\chromium-1181\chrome-win\chrome.exe
╔════════════════════════════════════════════════════════════╗
║ Looks like Playwright was just installed or updated.       ║
║ Please run the following command to download new browsers: ║
║                                                            ║
║     playwright install                                     ║
║                                                            ║
║ <3 Playwright Team                                         ║
╚════════════════════════════════════════════════════════════╝
[2025-08-12T22:38:59.586622] Erro no RPA (PyAutoGUI/Playwright): BrowserType.launch: Executable doesn't exist at C:\Users\User\AppData\Local\ms-playwright\chromium-1181\chrome-win\chrome.exe
╔════════════════════════════════════════════════════════════╗
║ Looks like Playwright was just installed or updated.       ║
║ Please run the following command to download new browsers: ║
║                                                            ║
║     playwright install                                     ║
║                                                            ║
║ <3 Playwright Team                                         ║
╚════════════════════════════════════════════════════════════╝
[2025-08-12T22:41:28.521930] Erro no RPA Playwright: BrowserType.launch: Executable doesn't exist at C:\Users\User\AppData\Local\ms-playwright\chromium-1181\chrome-win\chrome.exe
╔════════════════════════════════════════════════════════════╗
║ Looks like Playwright was just installed or updated.       ║
║ Please run the following command to download new browsers: ║
║                                                            ║
║     playwright install                                     ║
║                                                            ║
║ <3 Playwright Team                                         ║
╚════════════════════════════════════════════════════════════╝
[2025-08-12T22:57:12.812803] Erro no fluxo RPA (PyAutoGUI + Playwright): BrowserType.launch: Executable doesn't exist at C:\Users\User\AppData\Local\ms-playwright\chromium-1181\chrome-win\chrome.exe
╔════════════════════════════════════════════════════════════╗
║ Looks like Playwright was just installed or updated.       ║
║ Please run the following command to download new browsers: ║
║                                                            ║
║     playwright install                                     ║
║                                                            ║
║ <3 Playwright Team                                         ║
╚════════════════════════════════════════════════════════════╝
[2025-08-12T23:07:09.645284] Erro no fluxo RPA (PyAutoGUI + Playwright): BrowserType.launch: Executable doesn't exist at C:\Users\User\AppData\Local\ms-playwright\chromium-1181\chrome-win\chrome.exe
╔════════════════════════════════════════════════════════════╗
║ Looks like Playwright was just installed or updated.       ║
║ Please run the following command to download new browsers: ║
║                                                            ║
║     playwright install                                     ║
║                                                            ║
║ <3 Playwright Team                                         ║
╚════════════════════════════════════════════════════════════╝
[2025-08-12T23:07:54.485632] Erro no fluxo RPA (PyAutoGUI + Playwright): BrowserType.launch: Executable doesn't exist at C:\Users\User\AppData\Local\ms-playwright\chromium-1181\chrome-win\chrome.exe
╔════════════════════════════════════════════════════════════╗
║ Looks like Playwright was just installed or updated.       ║
║ Please run the following command to download new browsers: ║
║                                                            ║
║     playwright install                                     ║
║                                                            ║
║ <3 Playwright Team                                         ║
╚════════════════════════════════════════════════════════════╝
[2025-08-12T23:09:10.827191] Erro no fluxo RPA (PyAutoGUI + Playwright): name 'context' is not defined
[2025-08-12T23:12:38.164903] Erro no fluxo RPA (PyAutoGUI + Playwright): BrowserType.launch: Executable doesn't exist at C:\Users\User\AppData\Local\ms-playwright\chromium-1181\chrome-win\chrome.exe
╔════════════════════════════════════════════════════════════╗
║ Looks like Playwright was just installed or updated.       ║
║ Please run the following command to download new browsers: ║
║                                                            ║
║     playwright install                                     ║
║                                                            ║
║ <3 Playwright Team                                         ║
╚════════════════════════════════════════════════════════════╝
[2025-08-12T23:14:54.150439] Erro no fluxo RPA (PyAutoGUI + Playwright): BrowserType.launch: Executable doesn't exist at C:\Users\User\AppData\Local\ms-playwright\chromium-1181\chrome-win\chrome.exe
╔════════════════════════════════════════════════════════════╗
║ Looks like Playwright was just installed or updated.       ║
║ Please run the following command to download new browsers: ║
║                                                            ║
║     playwright install                                     ║
║                                                            ║
║ <3 Playwright Team                                         ║
╚════════════════════════════════════════════════════════════╝
[2025-08-21T17:58:11.645615] Erro no fluxo RPA (PyAutoGUI + Playwright): Não encontrei a aba do AZtronic aberta via PyAutoGUI.
[2025-08-21T18:09:18.719432] Erro no fluxo RPA (PyAutoGUI + Playwright): Não encontrei a aba do AZtronic aberta via PyAutoGUI (em nenhum context).
[2025-08-21T18:10:19.232410] Erro no fluxo RPA (PyAutoGUI + Playwright): Não encontrei a aba do AZtronic aberta via PyAutoGUI (em nenhum context).
[2025-08-21T18:25:10.448267] Erro no fluxo RPA (PyAutoGUI + Playwright): Não encontrei a aba do AZtronic aberta via PyAutoGUI (em nenhum context).
[2025-08-21T18:26:46.659851] Erro no fluxo RPA (PyAutoGUI + Playwright): Tela pós-login não confirmada pelos seletores (ajuste os textos, se necessário).
[2025-08-21T18:28:25.936223] Erro no fluxo RPA (PyAutoGUI + Playwright): Não encontrei a aba do AZtronic aberta via PyAutoGUI (em nenhum context).
[2025-08-21T18:39:34.516574] Erro no fluxo RPA (PyAutoGUI + Playwright): BrowserType.launch_persistent_context: Executable doesn't exist at C:\Users\User\AppData\Local\ms-playwright\chromium-1181\chrome-win\chrome.exe
╔════════════════════════════════════════════════════════════╗
║ Looks like Playwright was just installed or updated.       ║
║ Please run the following command to download new browsers: ║
║                                                            ║
║     playwright install                                     ║
║                                                            ║
║ <3 Playwright Team                                         ║
╚════════════════════════════════════════════════════════════╝
[2025-08-21T18:51:25.019858] Erro no fluxo RPA (PyAutoGUI + Playwright): Tela pós-login não confirmada pelos seletores (ajuste os textos, se necessário).
[2025-08-21T19:03:48.466703] Erro no fluxo RPA (PyAutoGUI + Playwright): Tela pós-login não confirmada pelos seletores (ajuste os textos, se necessário).
[2025-08-21T19:27:03.294473] Erro no fluxo RPA (PyAutoGUI + Playwright): Tela pós-login não confirmada: nem URL default_tes.asp nem itens do menu visíveis (tente ajustar os textos/frames).
[2025-08-21T20:18:30.081554] Erro no fluxo RPA (PyAutoGUI + Playwright): Tela pós-login não confirmada: nem URL default_tes.asp nem itens do menu visíveis (tente ajustar os textos/frames).
[2025-08-21T20:31:26.739445] Erro no fluxo RPA (PyAutoGUI + Playwright): Tela pós-login não confirmada: nem URL default_tes.asp nem itens do menu visíveis (tente ajustar os textos/frames).
[2025-08-21T20:36:52.559692] Erro no fluxo RPA (PyAutoGUI + Playwright): Elemento id=4 não encontrado (na página ou iframes).
[2025-08-21T20:38:22.607978] Erro no fluxo RPA (PyAutoGUI + Playwright): Elemento id=4 não encontrado (na página ou iframes).
[2025-08-21T20:47:45.762695] Erro no fluxo RPA (PyAutoGUI + Playwright): Tela pós-login não confirmada: nem URL default_tes.asp nem itens do menu visíveis (tente ajustar os textos/frames).
[2025-08-21T20:54:16.307314] Erro no fluxo RPA (PyAutoGUI + Playwright): Tela pós-login não confirmada: nem URL default_tes.asp nem itens do menu visíveis (tente ajustar os textos/frames).
[2025-08-21T21:38:46.528078] log DPR pós-login falhou: TargetClosedError('Page.evaluate: Target page, context or browser has been closed')
[2025-08-21T21:39:18.139131] log DPR pós-login falhou: TargetClosedError('Page.evaluate: Target page, context or browser has been closed')
[2025-08-21T21:48:29.133621] Erro no fluxo RPA (PyAutoGUI + Playwright): cannot access local variable 'click_by_text_anywhere' where it is not associated with a value
[2025-08-21T22:17:33.212902] Erro no fluxo RPA (PyAutoGUI + Playwright): cannot access local variable 'click_by_text_anywhere' where it is not associated with a value
[2025-08-21T22:31:48.338752] Erro no fluxo RPA (PyAutoGUI + Playwright): Tela pós-login não confirmada: nem URL default_tes.asp nem itens do menu visíveis (tente ajustar os textos/frames).
[2025-08-21T22:32:56.542881] Erro no fluxo RPA (PyAutoGUI + Playwright): Tela pós-login não confirmada: nem URL default_tes.asp nem itens do menu visíveis (tente ajustar os textos/frames).
[2025-08-21T22:40:06.821765] Erro no fluxo RPA (PyAutoGUI + Playwright): Elemento id=4 não encontrado (na página ou iframes).
[2025-08-25T15:14:40.672673] Erro no fluxo RPA (PyAutoGUI + Playwright): Tela pós-login não confirmada: nem URL default_tes.asp nem itens do menu visíveis (tente ajustar os textos/frames).
[2025-08-25T15:30:27.229796] Erro no fluxo RPA (PyAutoGUI + Playwright): Tela pós-login não confirmada: nem URL default_tes.asp nem itens do menu visíveis (tente ajustar os textos/frames).
[2025-08-25T15:52:16.992082] Erro no fluxo RPA (PyAutoGUI + Playwright): Frame.evaluate: TypeError: Cannot read properties of undefined (reading 'querySelector')
    at eval (eval at evaluate (:291:30), <anonymous>:5:43)
    at UtilityScript.evaluate (<anonymous>:298:18)
    at UtilityScript.<anonymous> (<anonymous>:1:44)
[2025-08-25T15:55:06.649677] Erro no fluxo RPA (PyAutoGUI + Playwright): Frame.evaluate: TypeError: Cannot read properties of undefined (reading 'querySelector')
    at eval (eval at evaluate (:291:30), <anonymous>:5:43)
    at UtilityScript.evaluate (<anonymous>:298:18)
    at UtilityScript.<anonymous> (<anonymous>:1:44)
[2025-08-25T16:28:48.625712] Erro no fluxo RPA (PyAutoGUI + Playwright): Page.bring_to_front: Target page, context or browser has been closed
[2025-08-25T17:06:17.643282] Erro no fluxo RPA (PyAutoGUI + Playwright): Frame.evaluate: TypeError: Cannot read properties of undefined (reading 'querySelector')
    at eval (eval at evaluate (:291:30), <anonymous>:5:43)
    at UtilityScript.evaluate (<anonymous>:298:18)
    at UtilityScript.<anonymous> (<anonymous>:1:44)
[2025-08-25T17:19:55.793177] Erro no fluxo RPA (PyAutoGUI + Playwright): Page.goto: Target page, context or browser has been closed
[2025-08-28T22:20:14.611020] Erro no fluxo RPA (PyAutoGUI + Playwright): Page.evaluate: Target page, context or browser has been closed
[2025-09-17T21:26:17.441121] Erro no fluxo RPA (PyAutoGUI + Playwright): cannot access local variable 'whitelist' where it is not associated with a value
[2025-09-17T21:32:27.550875] Erro no fluxo RPA (PyAutoGUI + Playwright): cannot access local variable 'whitelist' where it is not associated with a value
[2025-09-17T21:42:46.476031] Erro no fluxo RPA (PyAutoGUI + Playwright): cannot access local variable 'whitelist' where it is not associated with a value
[2025-09-23T16:06:57.231434] Erro no fluxo RPA (PyAutoGUI + Playwright): list index out of range
[2025-09-25T19:41:28.042318] Erro no fluxo RPA (PyAutoGUI + Playwright): name 'normalizar_projeto' is not defined
[2025-09-25T20:23:32.954093] Erro no fluxo RPA (PyAutoGUI + Playwright): Page.evaluate: Target page, context or browser has been closed
[2025-10-02T19:34:10.495933] Erro no fluxo RPA (PyAutoGUI + Playwright): Não encontrei a aba do AZtronic aberta via PyAutoGUI (em nenhum context).
[2025-10-06T15:46:28.934133] Erro no fluxo RPA (PyAutoGUI + Playwright): list index out of range
[2025-10-14T20:40:59.274885] Erro no fluxo RPA (PyAutoGUI + Playwright): BrowserType.launch_persistent_context: Executable doesn't exist at C:\Users\User\AppData\Local\ms-playwright\chromium-1181\chrome-win\chrome.exe
╔════════════════════════════════════════════════════════════╗
║ Looks like Playwright was just installed or updated.       ║
║ Please run the following command to download new browsers: ║
║                                                            ║
║     playwright install                                     ║
║                                                            ║
║ <3 Playwright Team                                         ║
╚════════════════════════════════════════════════════════════╝
[2025-10-14T20:50:48.616979] Erro no fluxo RPA (PyAutoGUI + Playwright): Page.bring_to_front: Target page, context or browser has been closed
[2025-10-14T20:53:39.807816] Erro no fluxo RPA (PyAutoGUI + Playwright): Não encontrei a aba do AZtronic aberta via PyAutoGUI (em nenhum context).
[2025-10-14T20:57:45.610678] Erro no fluxo RPA (PyAutoGUI + Playwright): Não encontrei a aba do AZtronic aberta via PyAutoGUI (em nenhum context).
[2025-10-14T20:59:00.533840] Erro no fluxo RPA (PyAutoGUI + Playwright): Não encontrei a aba do AZtronic aberta via PyAutoGUI (em nenhum context).
